<?xml version="1.0" encoding="UTF-8"?>
<testng-results skipped="0" failed="0" ignored="1" total="2" passed="1">
  <reporter-output>
  </reporter-output>
  <suite name="Default suite" duration-ms="3594" started-at="2018-01-12T04:43:08Z" finished-at="2018-01-12T04:43:11Z">
    <groups>
    </groups>
    <test name="Default test" duration-ms="3594" started-at="2018-01-12T04:43:08Z" finished-at="2018-01-12T04:43:11Z">
      <class name="assertEx.AssertExample">
        <test-method status="PASS" signature="setup()[pri:0, instance:assertEx.AssertExample@146ba0ac]" name="setup" is-config="true" duration-ms="471" started-at="2018-01-12T10:13:08Z" finished-at="2018-01-12T10:13:08Z">
          <reporter-output>
          </reporter-output>
        </test-method> <!-- setup -->
        <test-method status="PASS" signature="testMethod1()[pri:0, instance:assertEx.AssertExample@146ba0ac]" name="testMethod1" duration-ms="3102" started-at="2018-01-12T10:13:08Z" finished-at="2018-01-12T10:13:11Z">
          <reporter-output>
          </reporter-output>
        </test-method> <!-- testMethod1 -->
      </class> <!-- assertEx.AssertExample -->
    </test> <!-- Default test -->
  </suite> <!-- Default suite -->
</testng-results>
